Performing C++ SOURCE FILE Test HAVE_MYSQL_OPT_EMBEDDED_CONNECTION failed with the following output:
Change Dir: /home/gajos/QtProjects/IndustryLinker/soci-3.2.3/CMakeFiles/CMakeTmp

Run Build Command:"/usr/bin/make" "cmTC_f24ed/fast"
/usr/bin/make -f CMakeFiles/cmTC_f24ed.dir/build.make CMakeFiles/cmTC_f24ed.dir/build
make[1]: Wejście do katalogu '/home/gajos/QtProjects/IndustryLinker/soci-3.2.3/CMakeFiles/CMakeTmp'
Building CXX object CMakeFiles/cmTC_f24ed.dir/src.cxx.o
/usr/bin/c++     -fPIC -pedantic -ansi -Wall -Wpointer-arith -Wcast-align -Wcast-qual -Wfloat-equal -Wredundant-decls -Wno-long-long -std=c++98 -DHAVE_MYSQL_OPT_EMBEDDED_CONNECTION   -o CMakeFiles/cmTC_f24ed.dir/src.cxx.o -c /home/gajos/QtProjects/IndustryLinker/soci-3.2.3/CMakeFiles/CMakeTmp/src.cxx
/home/gajos/QtProjects/IndustryLinker/soci-3.2.3/CMakeFiles/CMakeTmp/src.cxx:1:19: fatal error: mysql.h: Nie ma takiego pliku ani katalogu
compilation terminated.
CMakeFiles/cmTC_f24ed.dir/build.make:65: polecenia dla obiektu 'CMakeFiles/cmTC_f24ed.dir/src.cxx.o' nie powiodły się
make[1]: *** [CMakeFiles/cmTC_f24ed.dir/src.cxx.o] Błąd 1
make[1]: Opuszczenie katalogu '/home/gajos/QtProjects/IndustryLinker/soci-3.2.3/CMakeFiles/CMakeTmp'
Makefile:126: polecenia dla obiektu 'cmTC_f24ed/fast' nie powiodły się
make: *** [cmTC_f24ed/fast] Błąd 2

Source file was:
#include <mysql.h>
int main() { int i = MYSQL_OPT_USE_EMBEDDED_CONNECTION; }
Determining if the pthread_create exist failed with the following output:
Change Dir: /home/gajos/QtProjects/IndustryLinker/soci-3.2.3/CMakeFiles/CMakeTmp

Run Build Command:"/usr/bin/make" "cmTC_84fb1/fast"
/usr/bin/make -f CMakeFiles/cmTC_84fb1.dir/build.make CMakeFiles/cmTC_84fb1.dir/build
make[1]: Wejście do katalogu '/home/gajos/QtProjects/IndustryLinker/soci-3.2.3/CMakeFiles/CMakeTmp'
Building C object CMakeFiles/cmTC_84fb1.dir/CheckSymbolExists.c.o
/usr/bin/cc     -o CMakeFiles/cmTC_84fb1.dir/CheckSymbolExists.c.o   -c /home/gajos/QtProjects/IndustryLinker/soci-3.2.3/CMakeFiles/CMakeTmp/CheckSymbolExists.c
Linking C executable cmTC_84fb1
/usr/bin/cmake -E cmake_link_script CMakeFiles/cmTC_84fb1.dir/link.txt --verbose=1
/usr/bin/cc       CMakeFiles/cmTC_84fb1.dir/CheckSymbolExists.c.o  -o cmTC_84fb1 -rdynamic 
CMakeFiles/cmTC_84fb1.dir/CheckSymbolExists.c.o: In function `main':
CheckSymbolExists.c:(.text+0x16): undefined reference to `pthread_create'
collect2: error: ld returned 1 exit status
CMakeFiles/cmTC_84fb1.dir/build.make:97: polecenia dla obiektu 'cmTC_84fb1' nie powiodły się
make[1]: *** [cmTC_84fb1] Błąd 1
make[1]: Opuszczenie katalogu '/home/gajos/QtProjects/IndustryLinker/soci-3.2.3/CMakeFiles/CMakeTmp'
Makefile:126: polecenia dla obiektu 'cmTC_84fb1/fast' nie powiodły się
make: *** [cmTC_84fb1/fast] Błąd 2

File /home/gajos/QtProjects/IndustryLinker/soci-3.2.3/CMakeFiles/CMakeTmp/CheckSymbolExists.c:
/* */
#include <pthread.h>

int main(int argc, char** argv)
{
  (void)argv;
#ifndef pthread_create
  return ((int*)(&pthread_create))[argc];
#else
  (void)argc;
  return 0;
#endif
}

Determining if the function pthread_create exists in the pthreads failed with the following output:
Change Dir: /home/gajos/QtProjects/IndustryLinker/soci-3.2.3/CMakeFiles/CMakeTmp

Run Build Command:"/usr/bin/make" "cmTC_cbc80/fast"
/usr/bin/make -f CMakeFiles/cmTC_cbc80.dir/build.make CMakeFiles/cmTC_cbc80.dir/build
make[1]: Wejście do katalogu '/home/gajos/QtProjects/IndustryLinker/soci-3.2.3/CMakeFiles/CMakeTmp'
Building C object CMakeFiles/cmTC_cbc80.dir/CheckFunctionExists.c.o
/usr/bin/cc    -DCHECK_FUNCTION_EXISTS=pthread_create   -o CMakeFiles/cmTC_cbc80.dir/CheckFunctionExists.c.o   -c /usr/share/cmake-3.5/Modules/CheckFunctionExists.c
Linking C executable cmTC_cbc80
/usr/bin/cmake -E cmake_link_script CMakeFiles/cmTC_cbc80.dir/link.txt --verbose=1
/usr/bin/cc   -DCHECK_FUNCTION_EXISTS=pthread_create    CMakeFiles/cmTC_cbc80.dir/CheckFunctionExists.c.o  -o cmTC_cbc80 -rdynamic -lpthreads 
/usr/bin/ld: cannot find -lpthreads
collect2: error: ld returned 1 exit status
CMakeFiles/cmTC_cbc80.dir/build.make:97: polecenia dla obiektu 'cmTC_cbc80' nie powiodły się
make[1]: *** [cmTC_cbc80] Błąd 1
make[1]: Opuszczenie katalogu '/home/gajos/QtProjects/IndustryLinker/soci-3.2.3/CMakeFiles/CMakeTmp'
Makefile:126: polecenia dla obiektu 'cmTC_cbc80/fast' nie powiodły się
make: *** [cmTC_cbc80/fast] Błąd 2


